0 info it worked if it ends with ok
1 verbose cli [ '/usr/local/Cellar/node/6.2.2/bin/node',
1 verbose cli   '/usr/local/bin/npm',
1 verbose cli   'start' ]
2 info using npm@3.10.6
3 info using node@v6.2.2
4 verbose run-script [ 'prestart', 'start', 'poststart' ]
5 info lifecycle quilting-bee@0.0.1~prestart: quilting-bee@0.0.1
6 verbose lifecycle quilting-bee@0.0.1~prestart: unsafe-perm in lifecycle true
7 verbose lifecycle quilting-bee@0.0.1~prestart: PATH: /usr/local/lib/node_modules/npm/bin/node-gyp-bin:/private/var/www/quilting-bee/node_modules/.bin:/usr/local/Cellar/node/6.2.2/bin:/usr/local/sbin:/opt/local/bin:/opt/local/sbin:/opt/local/bin:/opt/local/sbin:~/.composer/vendor/bin:/usr/local/bin:/usr/bin:/bin:/usr/sbin:/sbin:/opt/X11/bin:/usr/local/munki:/Library/Application Support/pinpoint/bin:/usr/local/ec2/ec2-api-tools-1.7.5.1/bin
8 verbose lifecycle quilting-bee@0.0.1~prestart: CWD: /private/var/www/quilting-bee
9 silly lifecycle quilting-bee@0.0.1~prestart: Args: [ '-c',
9 silly lifecycle   'pgrep mongod || mongod --dbpath ./data/db/ --fork --logpath db.startup.log' ]
10 silly lifecycle quilting-bee@0.0.1~prestart: Returned: code: 0  signal: null
11 info lifecycle quilting-bee@0.0.1~start: quilting-bee@0.0.1
12 verbose lifecycle quilting-bee@0.0.1~start: unsafe-perm in lifecycle true
13 verbose lifecycle quilting-bee@0.0.1~start: PATH: /usr/local/lib/node_modules/npm/bin/node-gyp-bin:/private/var/www/quilting-bee/node_modules/.bin:/usr/local/Cellar/node/6.2.2/bin:/usr/local/sbin:/opt/local/bin:/opt/local/sbin:/opt/local/bin:/opt/local/sbin:~/.composer/vendor/bin:/usr/local/bin:/usr/bin:/bin:/usr/sbin:/sbin:/opt/X11/bin:/usr/local/munki:/Library/Application Support/pinpoint/bin:/usr/local/ec2/ec2-api-tools-1.7.5.1/bin
14 verbose lifecycle quilting-bee@0.0.1~start: CWD: /private/var/www/quilting-bee
15 silly lifecycle quilting-bee@0.0.1~start: Args: [ '-c', 'node app.js' ]
16 silly lifecycle quilting-bee@0.0.1~start: Returned: code: 1  signal: null
17 info lifecycle quilting-bee@0.0.1~start: Failed to exec start script
18 verbose stack Error: quilting-bee@0.0.1 start: `node app.js`
18 verbose stack Exit status 1
18 verbose stack     at EventEmitter.<anonymous> (/usr/local/lib/node_modules/npm/lib/utils/lifecycle.js:255:16)
18 verbose stack     at emitTwo (events.js:106:13)
18 verbose stack     at EventEmitter.emit (events.js:191:7)
18 verbose stack     at ChildProcess.<anonymous> (/usr/local/lib/node_modules/npm/lib/utils/spawn.js:40:14)
18 verbose stack     at emitTwo (events.js:106:13)
18 verbose stack     at ChildProcess.emit (events.js:191:7)
18 verbose stack     at maybeClose (internal/child_process.js:852:16)
18 verbose stack     at Process.ChildProcess._handle.onexit (internal/child_process.js:215:5)
19 verbose pkgid quilting-bee@0.0.1
20 verbose cwd /private/var/www/quilting-bee
21 error Darwin 15.6.0
22 error argv "/usr/local/Cellar/node/6.2.2/bin/node" "/usr/local/bin/npm" "start"
23 error node v6.2.2
24 error npm  v3.10.6
25 error code ELIFECYCLE
26 error quilting-bee@0.0.1 start: `node app.js`
26 error Exit status 1
27 error Failed at the quilting-bee@0.0.1 start script 'node app.js'.
27 error Make sure you have the latest version of node.js and npm installed.
27 error If you do, this is most likely a problem with the quilting-bee package,
27 error not with npm itself.
27 error Tell the author that this fails on your system:
27 error     node app.js
27 error You can get information on how to open an issue for this project with:
27 error     npm bugs quilting-bee
27 error Or if that isn't available, you can get their info via:
27 error     npm owner ls quilting-bee
27 error There is likely additional logging output above.
28 verbose exit [ 1, true ]
